afd, hock
fluchtling, syri
deutschland, ticket
afd, pegida
fluchtling, spend
helf, syri
helf, spend
spend, syri
ort, syri
helf, ort
ort, spend
fluchtling, helf
cdu, merkel
cdu, spd
fluchtling, ort
deutschland, sportevent
sportevent, ticket
dresd, pegida
fluchtling, merkel
direkt, syri
nopegida, pegida
direkt, helf
direkt, spend
direkt, ort
deutschland, sportsevent
sportsevent, ticket
bundeswehr, syri
berlin, deutschland
direkt, fluchtling
deutschland, merkel
cdu, csu
einsatz, syri
fluchtling, refugeeswelcom
gabriel, spd
