fluchtling, merkel
annewill, merkel
jung, politik
bildung, politik
bildung, jung
cdu, merkel
deutschland, merkel
kanzlerin, merkel
angela, merkel
merkel, merkelmussweg
frau, merkel
cdu, spd
afd, pegida
cdu, csu
csu, seehof
europa, politik
mensch, politik
merkel, seehof
europa, mensch
politik, treff
jung, mensch
afd, demo
europa, jung
mensch, treff
bildung, mensch
europa, kapitel
europa, nordamerika
europa, treff
jung, kapitel
jung, nordamerika
kapitel, mensch
kapitel, nordamerika
kapitel, politik
mensch, nordamerika
nordamerika, politik
bildung, europa
bildung, kapitel
bildung, nordamerika
bildung, treff
jung, treff
kapitel, treff
nordamerika, treff
afd, merkel
mehr, merkel
friedensnobelpreis, merkel
csu, merkel
afd, erfurt
dass, merkel
fluchtling, seehof
fluchtling, refugeeswelcom
deutschland, fluchtling
deutsch, merkel
fluchtling, pegida
merkel, via
merkel, politik
