afd, pegida
fluchtling, merkel
deutschland, ticket
kanzlerin, merkel
deutschland, merkel
dresd, pegida
nopegida, pegida
cdu, csu
cdu, spd
cdu, merkel
deutschland, sportsevent
sportsevent, ticket
deutschland, sportevent
sportevent, ticket
merkel, seehof
fluchtling, refugeeswelcom
merkel, merkelmussweg
frau, merkel
afd, demo
csu, merkel
dass, merkel
deutschland, fluchtling
asyl, fluchtling
bay, deutschland
afd, berlin
afd, https
merkel, paris
angela, merkel
bay, ticket
mehr, merkel
fluchtling, refuge
anschlag, paris
merkel, terror
csu, seehof
csu, spd
afd, deutschland
syri, turkei
afd, fluchtling
afd, npd
afd, cdu
afd, merkel
cdu, fluchtling
russland, syri
sportevent, sportsevent
