merkel
afd
deutschland
pegida
fluchtling
refugeeswelcom
syri
politik
cdu
spd
csu
mehr
nopegida
paris
merkelmussweg
refuge
https
amp
seehof
asyl
dass
berlin
deutsch
heut
schon
via
parisattack
mal
neu
mensch
terror
wer
dresd
npd
recht
gut
turkei
grenz
jahr
uns
europa
land
imm
demo
ticket
frau
kanzlerin
sagt
gibt
macht
geht
bay
warum
bundestag
munch
fluchtlingskris
dank
grun
link
anschlag
seit
ganz
tag
weg
wurd
polizei
lieb
krieg
erst
russland
sportsevent
islam
sportevent
war
fdp
muss
viel
zeit
regierung
komm
http
leb
kommt
terrorist
beim
gross
frankreich
ang
hetz
burg
wohl
sachs
csupt15
bitt
volk
integration
fordert
uhr
bild
partei
fluchtlingspolitik
endlich
stark
nazis
frag
htt
lang
morg
kampf
usa
halt
wort
wahl
angela
2015
welt
frei
sag
helf
migrant
einfach
klar
mann
jung
red
hock
erdogan
putin
isis
kind
nachricht
parteitag
obergrenz
weit
asylbewerb
lass
wiss
eigentlich
off
gerad
politisch
wenig
staat
letzt
gewalt
angebot
sich
nazi
bachmann
statt
weiss
stellt
aktull
russisch
nie
richtig
angriff
schaubl
sieht
leut
geh
eig
thema
gabriel
laut
stadt
hannov
asylant
brauch
