merkel
afd
fluchtling
deutschland
politik
pegida
cdu
seehof
csu
refugeeswelcom
spd
mehr
refuge
mensch
merkelmussweg
deutsch
asyl
annewill
dass
europa
syri
via
jung
schon
amp
heut
mal
https
bildung
frau
wer
neu
berlin
fluchtlingskris
gut
kanzlerin
demo
recht
bay
angela
nopegida
grenz
land
macht
gibt
fdp
geht
http
treff
imm
uns
grun
dresd
jahr
sagt
link
dank
weg
kapitel
nordamerika
muss
fluchtlingspolitik
friedensnobelpreis
ganz
erfurt
bundestag
migrant
volk
viel
spiel
kommt
polizei
burg
brief
schul
npd
erst
warum
lieb
tag
war
madch
seit
ticket
schaff
