bildung, politik, jung
europa, politik, jung
europa, politik, mensch
jung, politik, mensch
bildung, politik, mensch
europa, kapitel, jung
europa, mensch, jung
europa, mensch, kapitel
europa, nordamerika, jung
europa, nordamerika, kapitel
europa, nordamerika, mensch
europa, politik, kapitel
europa, politik, nordamerika
jung, mensch, kapitel
jung, nordamerika, kapitel
jung, nordamerika, mensch
jung, politik, kapitel
jung, politik, nordamerika
kapitel, nordamerika, mensch
kapitel, politik, mensch
kapitel, politik, nordamerika
mensch, politik, nordamerika
bildung, jung, europa
bildung, kapitel, europa
bildung, kapitel, jung
bildung, mensch, europa
bildung, mensch, jung
bildung, mensch, kapitel
bildung, nordamerika, europa
bildung, nordamerika, jung
bildung, nordamerika, kapitel
bildung, nordamerika, mensch
bildung, politik, europa
bildung, politik, kapitel
bildung, politik, nordamerika
bildung, treff, europa
bildung, treff, jung
bildung, treff, kapitel
bildung, treff, mensch
bildung, treff, nordamerika
bildung, treff, politik
europa, treff, jung
europa, treff, kapitel
europa, treff, mensch
europa, treff, nordamerika
europa, treff, politik
jung, treff, kapitel
jung, treff, mensch
jung, treff, nordamerika
jung, treff, politik
kapitel, treff, mensch
kapitel, treff, nordamerika
kapitel, treff, politik
mensch, treff, nordamerika
mensch, treff, politik
nordamerika, treff, politik
