afd
deutschland
merkel
fluchtling
syri
pegida
spd
cdu
politik
refugeeswelcom
https
mehr
nopegida
amp
hock
deutsch
spend
neu
mensch
berlin
schon
helf
via
dass
csu
mal
bundestag
merkelmussweg
jahr
refuge
turkei
heut
dresd
ticket
ort
krieg
cdupt15
asyl
link
recht
wer
gut
npd
grun
lieb
bundeswehr
land
gibt
imm
geht
uns
direkt
gabriel
europa
sportevent
partei
dd2112
2015
macht
frau
sagt
einsatz
wahl
dank
sportsevent
http
nachricht
bay
viel
seehof
seit
ganz
kommt
russland
warum
parteitag
erst
sachs
ang
wurd
spdbpt
sag
